# JRE version: OpenJDK Runtime Environment (8.0_112-b06) (build 1.8.0_112-release-b06)
# Java VM: OpenJDK 64-Bit Server VM (25.112-b06 mixed mode windows-amd64 compressed oops)
Heap:
 PSYoungGen      total 260608K, used 222068K [0x00000000e0000000, 0x00000000f4400000, 0x0000000100000000)
  eden space 211968K, 82% used [0x00000000e0000000,0x00000000eabbf730,0x00000000ecf00000)
  from space 48640K, 94% used [0x00000000f0500000,0x00000000f321dc98,0x00000000f3480000)
  to   space 55296K, 0% used [0x00000000ecf00000,0x00000000ecf00000,0x00000000f0500000)
 ParOldGen       total 172032K, used 39159K [0x00000000a0000000, 0x00000000aa800000, 0x00000000e0000000)
  object space 172032K, 22% used [0x00000000a0000000,0x00000000a263dc40,0x00000000aa800000)
 Metaspace       used 89312K, capacity 94244K, committed 94336K, reserved 1130496K
  class space    used 11510K, capacity 12369K, committed 12416K, reserved 1048576K
GC Heap History (10 events):
Event: 198.436 GC heap before
{Heap before GC invocations=21 (full 3):
 PSYoungGen      total 216064K, used 209020K [0x00000000e0000000, 0x00000000f0380000, 0x0000000100000000)
  eden space 185856K, 99% used [0x00000000e0000000,0x00000000eb5763c0,0x00000000eb580000)
  from space 30208K, 76% used [0x00000000eb580000,0x00000000ecc28e58,0x00000000ed300000)
  to   space 31744K, 0% used [0x00000000ee480000,0x00000000ee480000,0x00000000f0380000)
 ParOldGen       total 172032K, used 38235K [0x00000000a0000000, 0x00000000aa800000, 0x00000000e0000000)
  object space 172032K, 22% used [0x00000000a0000000,0x00000000a2556e30,0x00000000aa800000)
 Metaspace       used 70740K, capacity 74074K, committed 74368K, reserved 1114112K
  class space    used 9156K, capacity 9782K, committed 9856K, reserved 1048576K
Event: 198.481 GC heap after
Heap after GC invocations=21 (full 3):
 PSYoungGen      total 229888K, used 31127K [0x00000000e0000000, 0x00000000f0a00000, 0x0000000100000000)
  eden space 198144K, 0% used [0x00000000e0000000,0x00000000e0000000,0x00000000ec180000)
  from space 31744K, 98% used [0x00000000ee480000,0x00000000f02e5f40,0x00000000f0380000)
  to   space 35840K, 0% used [0x00000000ec180000,0x00000000ec180000,0x00000000ee480000)
 ParOldGen       total 172032K, used 38507K [0x00000000a0000000, 0x00000000aa800000, 0x00000000e0000000)
  object space 172032K, 22% used [0x00000000a0000000,0x00000000a259ae48,0x00000000aa800000)
 Metaspace       used 70740K, capacity 74074K, committed 74368K, reserved 1114112K
  class space    used 9156K, capacity 9782K, committed 9856K, reserved 1048576K
}
Event: 263.620 GC heap before
{Heap before GC invocations=22 (full 3):
 PSYoungGen      total 229888K, used 229271K [0x00000000e0000000, 0x00000000f0a00000, 0x0000000100000000)
  eden space 198144K, 100% used [0x00000000e0000000,0x00000000ec180000,0x00000000ec180000)
  from space 31744K, 98% used [0x00000000ee480000,0x00000000f02e5f40,0x00000000f0380000)
  to   space 35840K, 0% used [0x00000000ec180000,0x00000000ec180000,0x00000000ee480000)
 ParOldGen       total 172032K, used 38507K [0x00000000a0000000, 0x00000000aa800000, 0x00000000e0000000)
  object space 172032K, 22% used [0x00000000a0000000,0x00000000a259ae48,0x00000000aa800000)
 Metaspace       used 73110K, capacity 76568K, committed 76672K, reserved 1116160K
  class space    used 9478K, capacity 10101K, committed 10112K, reserved 1048576K
Event: 263.707 GC heap after
Heap after GC invocations=22 (full 3):
 PSYoungGen      total 233984K, used 28544K [0x00000000e0000000, 0x00000000f1980000, 0x0000000100000000)
  eden space 198144K, 0% used [0x00000000e0000000,0x00000000e0000000,0x00000000ec180000)
  from space 35840K, 79% used [0x00000000ec180000,0x00000000edd60220,0x00000000ee480000)
  to   space 38400K, 0% used [0x00000000ef400000,0x00000000ef400000,0x00000000f1980000)
 ParOldGen       total 172032K, used 38515K [0x00000000a0000000, 0x00000000aa800000, 0x00000000e0000000)
  object space 172032K, 22% used [0x00000000a0000000,0x00000000a259ce48,0x00000000aa800000)
 Metaspace       used 73110K, capacity 76568K, committed 76672K, reserved 1116160K
  class space    used 9478K, capacity 10101K, committed 10112K, reserved 1048576K
}
Event: 271.164 GC heap before
{Heap before GC invocations=23 (full 3):
 PSYoungGen      total 233984K, used 226688K [0x00000000e0000000, 0x00000000f1980000, 0x0000000100000000)
  eden space 198144K, 100% used [0x00000000e0000000,0x00000000ec180000,0x00000000ec180000)
  from space 35840K, 79% used [0x00000000ec180000,0x00000000edd60220,0x00000000ee480000)
  to   space 38400K, 0% used [0x00000000ef400000,0x00000000ef400000,0x00000000f1980000)
 ParOldGen       total 172032K, used 38515K [0x00000000a0000000, 0x00000000aa800000, 0x00000000e0000000)
  object space 172032K, 22% used [0x00000000a0000000,0x00000000a259ce48,0x00000000aa800000)
 Metaspace       used 79308K, capacity 83044K, committed 83200K, reserved 1122304K
  class space    used 10295K, capacity 10950K, committed 11008K, reserved 1048576K
Event: 271.219 GC heap after
Heap after GC invocations=23 (full 3):
 PSYoungGen      total 244224K, used 38392K [0x00000000e0000000, 0x00000000f2680000, 0x0000000100000000)
  eden space 205824K, 0% used [0x00000000e0000000,0x00000000e0000000,0x00000000ec900000)
  from space 38400K, 99% used [0x00000000ef400000,0x00000000f197e2c0,0x00000000f1980000)
  to   space 44032K, 0% used [0x00000000ec900000,0x00000000ec900000,0x00000000ef400000)
 ParOldGen       total 172032K, used 39143K [0x00000000a0000000, 0x00000000aa800000, 0x00000000e0000000)
  object space 172032K, 22% used [0x00000000a0000000,0x00000000a2639c40,0x00000000aa800000)
 Metaspace       used 79308K, capacity 83044K, committed 83200K, reserved 1122304K
  class space    used 10295K, capacity 10950K, committed 11008K, reserved 1048576K
}
Event: 404.446 GC heap before
{Heap before GC invocations=24 (full 3):
 PSYoungGen      total 244224K, used 244216K [0x00000000e0000000, 0x00000000f2680000, 0x0000000100000000)
  eden space 205824K, 100% used [0x00000000e0000000,0x00000000ec900000,0x00000000ec900000)
  from space 38400K, 99% used [0x00000000ef400000,0x00000000f197e2c0,0x00000000f1980000)
  to   space 44032K, 0% used [0x00000000ec900000,0x00000000ec900000,0x00000000ef400000)
 ParOldGen       total 172032K, used 39143K [0x00000000a0000000, 0x00000000aa800000, 0x00000000e0000000)
  object space 172032K, 22% used [0x00000000a0000000,0x00000000a2639c40,0x00000000aa800000)
 Metaspace       used 84940K, capacity 89554K, committed 89728K, reserved 1126400K
  class space    used 10997K, capacity 11814K, committed 11904K, reserved 1048576K
Event: 404.508 GC heap after
Heap after GC invocations=24 (full 3):
 PSYoungGen      total 249856K, used 40171K [0x00000000e0000000, 0x00000000f3480000, 0x0000000100000000)
  eden space 205824K, 0% used [0x00000000e0000000,0x00000000e0000000,0x00000000ec900000)
  from space 44032K, 91% used [0x00000000ec900000,0x00000000ef03aee0,0x00000000ef400000)
  to   space 48640K, 0% used [0x00000000f0500000,0x00000000f0500000,0x00000000f3480000)
 ParOldGen       total 172032K, used 39151K [0x00000000a0000000, 0x00000000aa800000, 0x00000000e0000000)
  object space 172032K, 22% used [0x00000000a0000000,0x00000000a263bc40,0x00000000aa800000)
 Metaspace       used 84940K, capacity 89554K, committed 89728K, reserved 1126400K
  class space    used 10997K, capacity 11814K, committed 11904K, reserved 1048576K
}
Event: 415.056 GC heap before
{Heap before GC invocations=25 (full 3):
 PSYoungGen      total 249856K, used 245995K [0x00000000e0000000, 0x00000000f3480000, 0x0000000100000000)
  eden space 205824K, 100% used [0x00000000e0000000,0x00000000ec900000,0x00000000ec900000)
  from space 44032K, 91% used [0x00000000ec900000,0x00000000ef03aee0,0x00000000ef400000)
  to   space 48640K, 0% used [0x00000000f0500000,0x00000000f0500000,0x00000000f3480000)
 ParOldGen       total 172032K, used 39151K [0x00000000a0000000, 0x00000000aa800000, 0x00000000e0000000)
  object space 172032K, 22% used [0x00000000a0000000,0x00000000a263bc40,0x00000000aa800000)
 Metaspace       used 88052K, capacity 92850K, committed 92928K, reserved 1130496K
  class space    used 11369K, capacity 12234K, committed 12288K, reserved 1048576K
Event: 415.136 GC heap after
Heap after GC invocations=25 (full 3):
 PSYoungGen      total 260608K, used 46199K [0x00000000e0000000, 0x00000000f4400000, 0x0000000100000000)
  eden space 211968K, 0% used [0x00000000e0000000,0x00000000e0000000,0x00000000ecf00000)
  from space 48640K, 94% used [0x00000000f0500000,0x00000000f321dc98,0x00000000f3480000)
  to   space 55296K, 0% used [0x00000000ecf00000,0x00000000ecf00000,0x00000000f0500000)
 ParOldGen       total 172032K, used 39159K [0x00000000a0000000, 0x00000000aa800000, 0x00000000e0000000)
  object space 172032K, 22% used [0x00000000a0000000,0x00000000a263dc40,0x00000000aa800000)
 Metaspace       used 88052K, capacity 92850K, committed 92928K, reserved 1130496K
  class space    used 11369K, capacity 12234K, committed 12288K, reserved 1048576K
}

