# JRE version: OpenJDK Runtime Environment (8.0_112-b06) (build 1.8.0_112-release-b06)
# Java VM: OpenJDK 64-Bit Server VM (25.112-b06 mixed mode windows-amd64 compressed oops)
Heap:
 PSYoungGen      total 219136K, used 68440K [0x00000000e0000000, 0x00000000ef280000, 0x0000000100000000)
  eden space 211456K, 28% used [0x00000000e0000000,0x00000000e3b9ac20,0x00000000ece80000)
  from space 7680K, 96% used [0x00000000ed700000,0x00000000ede3b730,0x00000000ede80000)
  to   space 18432K, 0% used [0x00000000ee080000,0x00000000ee080000,0x00000000ef280000)
 ParOldGen       total 159232K, used 34279K [0x00000000a0000000, 0x00000000a9b80000, 0x00000000e0000000)
  object space 159232K, 21% used [0x00000000a0000000,0x00000000a2179de8,0x00000000a9b80000)
 Metaspace       used 69838K, capacity 73466K, committed 73600K, reserved 1114112K
  class space    used 8740K, capacity 9310K, committed 9344K, reserved 1048576K
GC Heap History (10 events):
Event: 1019.935 GC heap before
{Heap before GC invocations=22 (full 3):
 PSYoungGen      total 263680K, used 257981K [0x00000000e0000000, 0x00000000f1b00000, 0x0000000100000000)
  eden space 248832K, 100% used [0x00000000e0000000,0x00000000ef300000,0x00000000ef300000)
  from space 14848K, 61% used [0x00000000f0c80000,0x00000000f156f740,0x00000000f1b00000)
  to   space 20480K, 0% used [0x00000000ef300000,0x00000000ef300000,0x00000000f0700000)
 ParOldGen       total 159232K, used 34239K [0x00000000a0000000, 0x00000000a9b80000, 0x00000000e0000000)
  object space 159232K, 21% used [0x00000000a0000000,0x00000000a216fde8,0x00000000a9b80000)
 Metaspace       used 68110K, capacity 70852K, committed 71040K, reserved 1112064K
  class space    used 8598K, capacity 9087K, committed 9088K, reserved 1048576K
Event: 1019.957 GC heap after
Heap after GC invocations=22 (full 3):
 PSYoungGen      total 249344K, used 8356K [0x00000000e0000000, 0x00000000f1200000, 0x0000000100000000)
  eden space 240640K, 0% used [0x00000000e0000000,0x00000000e0000000,0x00000000eeb00000)
  from space 8704K, 96% used [0x00000000ef300000,0x00000000efb293b0,0x00000000efb80000)
  to   space 19968K, 0% used [0x00000000efe80000,0x00000000efe80000,0x00000000f1200000)
 ParOldGen       total 159232K, used 34247K [0x00000000a0000000, 0x00000000a9b80000, 0x00000000e0000000)
  object space 159232K, 21% used [0x00000000a0000000,0x00000000a2171de8,0x00000000a9b80000)
 Metaspace       used 68110K, capacity 70852K, committed 71040K, reserved 1112064K
  class space    used 8598K, capacity 9087K, committed 9088K, reserved 1048576K
}
Event: 1253.481 GC heap before
{Heap before GC invocations=23 (full 3):
 PSYoungGen      total 249344K, used 248996K [0x00000000e0000000, 0x00000000f1200000, 0x0000000100000000)
  eden space 240640K, 100% used [0x00000000e0000000,0x00000000eeb00000,0x00000000eeb00000)
  from space 8704K, 96% used [0x00000000ef300000,0x00000000efb293b0,0x00000000efb80000)
  to   space 19968K, 0% used [0x00000000efe80000,0x00000000efe80000,0x00000000f1200000)
 ParOldGen       total 159232K, used 34247K [0x00000000a0000000, 0x00000000a9b80000, 0x00000000e0000000)
  object space 159232K, 21% used [0x00000000a0000000,0x00000000a2171de8,0x00000000a9b80000)
 Metaspace       used 68549K, capacity 71502K, committed 71680K, reserved 1112064K
  class space    used 8634K, capacity 9134K, committed 9216K, reserved 1048576K
Event: 1253.510 GC heap after
Heap after GC invocations=23 (full 3):
 PSYoungGen      total 245248K, used 12100K [0x00000000e0000000, 0x00000000f0a80000, 0x0000000100000000)
  eden space 232960K, 0% used [0x00000000e0000000,0x00000000e0000000,0x00000000ee380000)
  from space 12288K, 98% used [0x00000000efe80000,0x00000000f0a513d0,0x00000000f0a80000)
  to   space 19456K, 0% used [0x00000000ee480000,0x00000000ee480000,0x00000000ef780000)
 ParOldGen       total 159232K, used 34255K [0x00000000a0000000, 0x00000000a9b80000, 0x00000000e0000000)
  object space 159232K, 21% used [0x00000000a0000000,0x00000000a2173de8,0x00000000a9b80000)
 Metaspace       used 68549K, capacity 71502K, committed 71680K, reserved 1112064K
  class space    used 8634K, capacity 9134K, committed 9216K, reserved 1048576K
}
Event: 1257.784 GC heap before
{Heap before GC invocations=24 (full 3):
 PSYoungGen      total 245248K, used 244667K [0x00000000e0000000, 0x00000000f0a80000, 0x0000000100000000)
  eden space 232960K, 99% used [0x00000000e0000000,0x00000000ee31d988,0x00000000ee380000)
  from space 12288K, 98% used [0x00000000efe80000,0x00000000f0a513d0,0x00000000f0a80000)
  to   space 19456K, 0% used [0x00000000ee480000,0x00000000ee480000,0x00000000ef780000)
 ParOldGen       total 159232K, used 34255K [0x00000000a0000000, 0x00000000a9b80000, 0x00000000e0000000)
  object space 159232K, 21% used [0x00000000a0000000,0x00000000a2173de8,0x00000000a9b80000)
 Metaspace       used 69004K, capacity 71998K, committed 72192K, reserved 1112064K
  class space    used 8638K, capacity 9140K, committed 9216K, reserved 1048576K
Event: 1257.805 GC heap after
Heap after GC invocations=24 (full 3):
 PSYoungGen      total 237568K, used 11881K [0x00000000e0000000, 0x00000000f0100000, 0x0000000100000000)
  eden space 225280K, 0% used [0x00000000e0000000,0x00000000e0000000,0x00000000edc00000)
  from space 12288K, 96% used [0x00000000ee480000,0x00000000ef01a610,0x00000000ef080000)
  to   space 16896K, 0% used [0x00000000ef080000,0x00000000ef080000,0x00000000f0100000)
 ParOldGen       total 159232K, used 34263K [0x00000000a0000000, 0x00000000a9b80000, 0x00000000e0000000)
  object space 159232K, 21% used [0x00000000a0000000,0x00000000a2175de8,0x00000000a9b80000)
 Metaspace       used 69004K, capacity 71998K, committed 72192K, reserved 1112064K
  class space    used 8638K, capacity 9140K, committed 9216K, reserved 1048576K
}
Event: 1415.720 GC heap before
{Heap before GC invocations=25 (full 3):
 PSYoungGen      total 237568K, used 237161K [0x00000000e0000000, 0x00000000f0100000, 0x0000000100000000)
  eden space 225280K, 100% used [0x00000000e0000000,0x00000000edc00000,0x00000000edc00000)
  from space 12288K, 96% used [0x00000000ee480000,0x00000000ef01a610,0x00000000ef080000)
  to   space 16896K, 0% used [0x00000000ef080000,0x00000000ef080000,0x00000000f0100000)
 ParOldGen       total 159232K, used 34263K [0x00000000a0000000, 0x00000000a9b80000, 0x00000000e0000000)
  object space 159232K, 21% used [0x00000000a0000000,0x00000000a2175de8,0x00000000a9b80000)
 Metaspace       used 69567K, capacity 73080K, committed 73344K, reserved 1114112K
  class space    used 8723K, capacity 9291K, committed 9344K, reserved 1048576K
Event: 1415.744 GC heap after
Heap after GC invocations=25 (full 3):
 PSYoungGen      total 228864K, used 10260K [0x00000000e0000000, 0x00000000efb00000, 0x0000000100000000)
  eden space 218112K, 0% used [0x00000000e0000000,0x00000000e0000000,0x00000000ed500000)
  from space 10752K, 95% used [0x00000000ef080000,0x00000000efa853c0,0x00000000efb00000)
  to   space 18432K, 0% used [0x00000000ed700000,0x00000000ed700000,0x00000000ee900000)
 ParOldGen       total 159232K, used 34271K [0x00000000a0000000, 0x00000000a9b80000, 0x00000000e0000000)
  object space 159232K, 21% used [0x00000000a0000000,0x00000000a2177de8,0x00000000a9b80000)
 Metaspace       used 69567K, capacity 73080K, committed 73344K, reserved 1114112K
  class space    used 8723K, capacity 9291K, committed 9344K, reserved 1048576K
}
Event: 1606.196 GC heap before
{Heap before GC invocations=26 (full 3):
 PSYoungGen      total 228864K, used 228372K [0x00000000e0000000, 0x00000000efb00000, 0x0000000100000000)
  eden space 218112K, 100% used [0x00000000e0000000,0x00000000ed500000,0x00000000ed500000)
  from space 10752K, 95% used [0x00000000ef080000,0x00000000efa853c0,0x00000000efb00000)
  to   space 18432K, 0% used [0x00000000ed700000,0x00000000ed700000,0x00000000ee900000)
 ParOldGen       total 159232K, used 34271K [0x00000000a0000000, 0x00000000a9b80000, 0x00000000e0000000)
  object space 159232K, 21% used [0x00000000a0000000,0x00000000a2177de8,0x00000000a9b80000)
 Metaspace       used 69786K, capacity 73402K, committed 73600K, reserved 1114112K
  class space    used 8740K, capacity 9310K, committed 9344K, reserved 1048576K
Event: 1606.227 GC heap after
Heap after GC invocations=26 (full 3):
 PSYoungGen      total 219136K, used 7405K [0x00000000e0000000, 0x00000000ef280000, 0x0000000100000000)
  eden space 211456K, 0% used [0x00000000e0000000,0x00000000e0000000,0x00000000ece80000)
  from space 7680K, 96% used [0x00000000ed700000,0x00000000ede3b730,0x00000000ede80000)
  to   space 18432K, 0% used [0x00000000ee080000,0x00000000ee080000,0x00000000ef280000)
 ParOldGen       total 159232K, used 34279K [0x00000000a0000000, 0x00000000a9b80000, 0x00000000e0000000)
  object space 159232K, 21% used [0x00000000a0000000,0x00000000a2179de8,0x00000000a9b80000)
 Metaspace       used 69786K, capacity 73402K, committed 73600K, reserved 1114112K
  class space    used 8740K, capacity 9310K, committed 9344K, reserved 1048576K
}

